[2019-07-01 21:47:36 at 22 line of user_dao.py ] db update users
[2019-07-01 21:47:36 at 73 line of __init__.py ] update users set u_auth_string='29dd605e6a5afde36955d453ef1a0737' where u_phone='18729541661'  ok!
[2019-07-01 21:47:36 at 22 line of user_dao.py ] db update users
[2019-07-01 21:47:36 at 73 line of __init__.py ] update users set is_active='1' where u_phone='18729541661'  ok!
[2019-07-01 21:47:36 at 8 line of phone_dao.py ] db update users:<18729541661>
[2019-07-01 21:47:36 at 50 line of __init__.py ] insert into phone_records(phone,code,send_type,send_time) values(%(phone)s,%(code)s,%(send_type)s,%(send_time)s) ok!
[2019-07-01 21:48:24 at 22 line of user_dao.py ] db update users
[2019-07-01 21:48:24 at 73 line of __init__.py ] update users set is_active='1' where u_phone='18729541661'  ok!
[2019-07-01 21:50:08 at 90 line of __init__.py ] select * from courses where course_id=50 limit 0,20 ok!
[2019-07-01 21:50:33 at 90 line of __init__.py ] select * from courses where course_id=9 limit 0,20 ok!
[2019-07-01 21:50:33 at 90 line of __init__.py ] select t_name,t_job,t_pic from teachers where id=20 limit 0,20 ok!
[2019-07-01 21:52:42 at 90 line of __init__.py ] select * from courses where course_id=9 limit 0,20 ok!
[2019-07-01 21:52:42 at 90 line of __init__.py ] select t_name,t_job,t_pic from teachers where id=20 limit 0,20 ok!
[2019-07-01 21:52:42 at 90 line of __init__.py ] select id,name from courses_type where id=1 limit 0,20 ok!
[2019-07-01 21:52:43 at 28 line of __init__.py ] (1054, "Unknown column 'course_child_type_id' in 'where clause'")
[2019-07-01 21:56:33 at 90 line of __init__.py ] select * from courses where course_id=9 limit 0,20 ok!
[2019-07-01 21:56:34 at 90 line of __init__.py ] select t_name,t_job,t_pic from teachers where id=20 limit 0,20 ok!
[2019-07-01 21:56:34 at 90 line of __init__.py ] select id,name from courses_type where id=1 limit 0,20 ok!
[2019-07-01 21:56:34 at 28 line of __init__.py ] (1054, "Unknown column 'course_child_type_id' in 'where clause'")
[2019-07-01 21:57:32 at 90 line of __init__.py ] select * from courses where course_id=9 limit 0,20 ok!
[2019-07-01 21:57:32 at 90 line of __init__.py ] select t_name,t_job,t_pic from teachers where id=20 limit 0,20 ok!
[2019-07-01 21:57:33 at 90 line of __init__.py ] select id,name from courses_type where id=1 limit 0,20 ok!
[2019-07-01 21:57:33 at 28 line of __init__.py ] (1054, "Unknown column 'course_child_type_id' in 'where clause'")
[2019-07-01 22:01:20 at 90 line of __init__.py ] select * from courses where course_id=9 limit 0,20 ok!
[2019-07-01 22:01:21 at 90 line of __init__.py ] select t_name,t_job,t_pic from teachers where id=20 limit 0,20 ok!
[2019-07-01 22:01:22 at 90 line of __init__.py ] select id,name from courses_type where id=1 limit 0,20 ok!
[2019-07-01 22:01:22 at 90 line of __init__.py ] select name from courses_child_type where id=29 limit 0,20 ok!
[2019-07-01 22:10:35 at 90 line of __init__.py ] select * from courses where course_id=9 limit 0,20 ok!
[2019-07-01 22:10:35 at 28 line of __init__.py ] (1146, "Table 'edu_api_db.lessons' doesn't exist")
[2019-07-01 22:10:35 at 28 line of __init__.py ] (1054, "Unknown column 'lesson_id' in 'field list'")
[2019-07-01 22:12:08 at 90 line of __init__.py ] select * from courses where course_id=9 limit 0,20 ok!
[2019-07-01 22:12:08 at 28 line of __init__.py ] (1146, "Table 'edu_api_db.lessons' doesn't exist")
[2019-07-01 22:12:08 at 28 line of __init__.py ] (1054, "Unknown column 'lesson_id' in 'field list'")
[2019-07-01 22:13:53 at 90 line of __init__.py ] select * from courses where course_id=9 limit 0,20 ok!
[2019-07-01 22:13:53 at 28 line of __init__.py ] (1146, "Table 'edu_api_db.lessons' doesn't exist")
[2019-07-01 22:13:53 at 28 line of __init__.py ] (1054, "Unknown column 'lesson_id' in 'field list'")
[2019-07-01 22:14:42 at 90 line of __init__.py ] select * from courses where course_id=9 limit 0,20 ok!
[2019-07-01 22:14:43 at 28 line of __init__.py ] (1146, "Table 'edu_api_db.lessons' doesn't exist")
[2019-07-01 22:14:43 at 28 line of __init__.py ] (1054, "Unknown column 'lesson_id' in 'field list'")
[2019-07-01 22:15:32 at 90 line of __init__.py ] select * from courses where course_id=9 limit 0,20 ok!
[2019-07-01 22:15:32 at 28 line of __init__.py ] (1146, "Table 'edu_api_db.lessons' doesn't exist")
[2019-07-01 22:15:32 at 28 line of __init__.py ] (1054, "Unknown column 'lesson_id' in 'field list'")
[2019-07-01 22:16:26 at 90 line of __init__.py ] select * from courses where course_id=9 limit 0,20 ok!
[2019-07-01 22:16:27 at 28 line of __init__.py ] (1146, "Table 'edu_api_db.lessons' doesn't exist")
[2019-07-01 22:16:27 at 28 line of __init__.py ] (1054, "Unknown column 'lesson_id' in 'field list'")
